43221::This is a test 2
5798982734::This is a test 3
5798982734::This is a test 3
5798982734::This is a test 3
5798982734::This is a test 3
5798982734::This is a test 3
5798982734::This is a test 3
123456::313603 280715 012 34.5
123456::313603 280715 012 34.5
123456::313603 280715 245 34.5
123456::313603 280715 245 34.5
123456::313603 280715 123 34.5
123456::313603 280715 456 34.5
123456::313603 280715 222 34.5
123456::313603 280715 222 34.5
123456::313603 280715 222 37.4
123456::313603 280715 222 50
123456::313603 280715 010 25
123456::313603 280715 010 26
123456::313603 280715 010 30
